<?xml version="1.0" encoding="UTF-8"?>
<testsuite xmlns:xsi="http://www.w3.org/2001/XMLSchema-instance" xsi:noNamespaceSchemaLocation="https://maven.apache.org/surefire/maven-surefire-plugin/xsd/surefire-test-report.xsd" name="com.learn.pmapp.controller.ParentTaskControllerAllTests" time="48.33" tests="2" errors="0" skipped="0" failures="2">
  <properties>
    <property name="sun.desktop" value="windows"/>
    <property name="awt.toolkit" value="sun.awt.windows.WToolkit"/>
    <property name="file.encoding.pkg" value="sun.io"/>
    <property name="java.specification.version" value="1.8"/>
    <property name="sun.cpu.isalist" value="amd64"/>
    <property name="sun.jnu.encoding" value="Cp1252"/>
    <property name="java.class.path" value="C:\Users\Admin\Desktop\FSD_PROJECT\pmappservice\pmappservice\target\test-classes;C:\Users\Admin\Desktop\FSD_PROJECT\pmappservice\pmappservice\target\classes;C:\Users\Admin\Desktop\FSD_PROJECT\dependency\maven\repository\org\springframework\boot\spring-boot-starter-actuator\2.1.2.RELEASE\spring-boot-starter-actuator-2.1.2.RELEASE.jar;C:\Users\Admin\Desktop\FSD_PROJECT\dependency\maven\repository\org\springframework\boot\spring-boot-starter\2.1.2.RELEASE\spring-boot-starter-2.1.2.RELEASE.jar;C:\Users\Admin\Desktop\FSD_PROJECT\dependency\maven\repository\org\springframework\boot\spring-boot-starter-logging\2.1.2.RELEASE\spring-boot-starter-logging-2.1.2.RELEASE.jar;C:\Users\Admin\Desktop\FSD_PROJECT\dependency\maven\repository\ch\qos\logback\logback-classic\1.2.3\logback-classic-1.2.3.jar;C:\Users\Admin\Desktop\FSD_PROJECT\dependency\maven\repository\ch\qos\logback\logback-core\1.2.3\logback-core-1.2.3.jar;C:\Users\Admin\Desktop\FSD_PROJECT\dependency\maven\repository\org\apache\logging\log4j\log4j-to-slf4j\2.11.1\log4j-to-slf4j-2.11.1.jar;C:\Users\Admin\Desktop\FSD_PROJECT\dependency\maven\repository\org\apache\logging\log4j\log4j-api\2.11.1\log4j-api-2.11.1.jar;C:\Users\Admin\Desktop\FSD_PROJECT\dependency\maven\repository\org\slf4j\jul-to-slf4j\1.7.25\jul-to-slf4j-1.7.25.jar;C:\Users\Admin\Desktop\FSD_PROJECT\dependency\maven\repository\org\yaml\snakeyaml\1.23\snakeyaml-1.23.jar;C:\Users\Admin\Desktop\FSD_PROJECT\dependency\maven\repository\org\springframework\boot\spring-boot-actuator-autoconfigure\2.1.2.RELEASE\spring-boot-actuator-autoconfigure-2.1.2.RELEASE.jar;C:\Users\Admin\Desktop\FSD_PROJECT\dependency\maven\repository\org\springframework\boot\spring-boot-actuator\2.1.2.RELEASE\spring-boot-actuator-2.1.2.RELEASE.jar;C:\Users\Admin\Desktop\FSD_PROJECT\dependency\maven\repository\com\fasterxml\jackson\core\jackson-databind\2.9.8\jackson-databind-2.9.8.jar;C:\Users\Admin\Desktop\FSD_PROJECT\dependency\maven\repository\com\fasterxml\jackson\core\jackson-core\2.9.8\jackson-core-2.9.8.jar;C:\Users\Admin\Desktop\FSD_PROJECT\dependency\maven\repository\org\springframework\spring-context\5.1.4.RELEASE\spring-context-5.1.4.RELEASE.jar;C:\Users\Admin\Desktop\FSD_PROJECT\dependency\maven\repository\com\fasterxml\jackson\datatype\jackson-datatype-jsr310\2.9.8\jackson-datatype-jsr310-2.9.8.jar;C:\Users\Admin\Desktop\FSD_PROJECT\dependency\maven\repository\io\micrometer\micrometer-core\1.1.2\micrometer-core-1.1.2.jar;C:\Users\Admin\Desktop\FSD_PROJECT\dependency\maven\repository\org\hdrhistogram\HdrHistogram\2.1.9\HdrHistogram-2.1.9.jar;C:\Users\Admin\Desktop\FSD_PROJECT\dependency\maven\repository\org\latencyutils\LatencyUtils\2.0.3\LatencyUtils-2.0.3.jar;C:\Users\Admin\Desktop\FSD_PROJECT\dependency\maven\repository\org\springframework\boot\spring-boot-starter-cache\2.1.2.RELEASE\spring-boot-starter-cache-2.1.2.RELEASE.jar;C:\Users\Admin\Desktop\FSD_PROJECT\dependency\maven\repository\org\springframework\spring-context-support\5.1.4.RELEASE\spring-context-support-5.1.4.RELEASE.jar;C:\Users\Admin\Desktop\FSD_PROJECT\dependency\maven\repository\org\springframework\spring-beans\5.1.4.RELEASE\spring-beans-5.1.4.RELEASE.jar;C:\Users\Admin\Desktop\FSD_PROJECT\dependency\maven\repository\org\springframework\boot\spring-boot-starter-data-jpa\2.1.2.RELEASE\spring-boot-starter-data-jpa-2.1.2.RELEASE.jar;C:\Users\Admin\Desktop\FSD_PROJECT\dependency\maven\repository\org\springframework\boot\spring-boot-starter-aop\2.1.2.RELEASE\spring-boot-starter-aop-2.1.2.RELEASE.jar;C:\Users\Admin\Desktop\FSD_PROJECT\dependency\maven\repository\org\springframework\spring-aop\5.1.4.RELEASE\spring-aop-5.1.4.RELEASE.jar;C:\Users\Admin\Desktop\FSD_PROJECT\dependency\maven\repository\org\aspectj\aspectjweaver\1.9.2\aspectjweaver-1.9.2.jar;C:\Users\Admin\Desktop\FSD_PROJECT\dependency\maven\repository\org\springframework\boot\spring-boot-starter-jdbc\2.1.2.RELEASE\spring-boot-starter-jdbc-2.1.2.RELEASE.jar;C:\Users\Admin\Desktop\FSD_PROJECT\dependency\maven\repository\com\zaxxer\HikariCP\3.2.0\HikariCP-3.2.0.jar;C:\Users\Admin\Desktop\FSD_PROJECT\dependency\maven\repository\org\springframework\spring-jdbc\5.1.4.RELEASE\spring-jdbc-5.1.4.RELEASE.jar;C:\Users\Admin\Desktop\FSD_PROJECT\dependency\maven\repository\javax\transaction\javax.transaction-api\1.3\javax.transaction-api-1.3.jar;C:\Users\Admin\Desktop\FSD_PROJECT\dependency\maven\repository\javax\xml\bind\jaxb-api\2.3.1\jaxb-api-2.3.1.jar;C:\Users\Admin\Desktop\FSD_PROJECT\dependency\maven\repository\javax\activation\javax.activation-api\1.2.0\javax.activation-api-1.2.0.jar;C:\Users\Admin\Desktop\FSD_PROJECT\dependency\maven\repository\org\hibernate\hibernate-core\5.3.7.Final\hibernate-core-5.3.7.Final.jar;C:\Users\Admin\Desktop\FSD_PROJECT\dependency\maven\repository\org\jboss\logging\jboss-logging\3.3.2.Final\jboss-logging-3.3.2.Final.jar;C:\Users\Admin\Desktop\FSD_PROJECT\dependency\maven\repository\javax\persistence\javax.persistence-api\2.2\javax.persistence-api-2.2.jar;C:\Users\Admin\Desktop\FSD_PROJECT\dependency\maven\repository\org\javassist\javassist\3.23.1-GA\javassist-3.23.1-GA.jar;C:\Users\Admin\Desktop\FSD_PROJECT\dependency\maven\repository\net\bytebuddy\byte-buddy\1.9.7\byte-buddy-1.9.7.jar;C:\Users\Admin\Desktop\FSD_PROJECT\dependency\maven\repository\antlr\antlr\2.7.7\antlr-2.7.7.jar;C:\Users\Admin\Desktop\FSD_PROJECT\dependency\maven\repository\org\jboss\jandex\2.0.5.Final\jandex-2.0.5.Final.jar;C:\Users\Admin\Desktop\FSD_PROJECT\dependency\maven\repository\com\fasterxml\classmate\1.4.0\classmate-1.4.0.jar;C:\Users\Admin\Desktop\FSD_PROJECT\dependency\maven\repository\org\dom4j\dom4j\2.1.1\dom4j-2.1.1.jar;C:\Users\Admin\Desktop\FSD_PROJECT\dependency\maven\repository\org\hibernate\common\hibernate-commons-annotations\5.0.4.Final\hibernate-commons-annotations-5.0.4.Final.jar;C:\Users\Admin\Desktop\FSD_PROJECT\dependency\maven\repository\org\springframework\data\spring-data-jpa\2.1.4.RELEASE\spring-data-jpa-2.1.4.RELEASE.jar;C:\Users\Admin\Desktop\FSD_PROJECT\dependency\maven\repository\org\springframework\data\spring-data-commons\2.1.4.RELEASE\spring-data-commons-2.1.4.RELEASE.jar;C:\Users\Admin\Desktop\FSD_PROJECT\dependency\maven\repository\org\springframework\spring-orm\5.1.4.RELEASE\spring-orm-5.1.4.RELEASE.jar;C:\Users\Admin\Desktop\FSD_PROJECT\dependency\maven\repository\org\springframework\spring-tx\5.1.4.RELEASE\spring-tx-5.1.4.RELEASE.jar;C:\Users\Admin\Desktop\FSD_PROJECT\dependency\maven\repository\org\slf4j\slf4j-api\1.7.25\slf4j-api-1.7.25.jar;C:\Users\Admin\Desktop\FSD_PROJECT\dependency\maven\repository\org\springframework\spring-aspects\5.1.4.RELEASE\spring-aspects-5.1.4.RELEASE.jar;C:\Users\Admin\Desktop\FSD_PROJECT\dependency\maven\repository\org\springframework\boot\spring-boot-starter-jersey\2.1.2.RELEASE\spring-boot-starter-jersey-2.1.2.RELEASE.jar;C:\Users\Admin\Desktop\FSD_PROJECT\dependency\maven\repository\org\springframework\boot\spring-boot-starter-json\2.1.2.RELEASE\spring-boot-starter-json-2.1.2.RELEASE.jar;C:\Users\Admin\Desktop\FSD_PROJECT\dependency\maven\repository\com\fasterxml\jackson\datatype\jackson-datatype-jdk8\2.9.8\jackson-datatype-jdk8-2.9.8.jar;C:\Users\Admin\Desktop\FSD_PROJECT\dependency\maven\repository\com\fasterxml\jackson\module\jackson-module-parameter-names\2.9.8\jackson-module-parameter-names-2.9.8.jar;C:\Users\Admin\Desktop\FSD_PROJECT\dependency\maven\repository\org\springframework\boot\spring-boot-starter-validation\2.1.2.RELEASE\spring-boot-starter-validation-2.1.2.RELEASE.jar;C:\Users\Admin\Desktop\FSD_PROJECT\dependency\maven\repository\org\springframework\spring-web\5.1.4.RELEASE\spring-web-5.1.4.RELEASE.jar;C:\Users\Admin\Desktop\FSD_PROJECT\dependency\maven\repository\org\glassfish\jersey\core\jersey-server\2.27\jersey-server-2.27.jar;C:\Users\Admin\Desktop\FSD_PROJECT\dependency\maven\repository\org\glassfish\jersey\core\jersey-common\2.27\jersey-common-2.27.jar;C:\Users\Admin\Desktop\FSD_PROJECT\dependency\maven\repository\org\glassfish\hk2\osgi-resource-locator\1.0.1\osgi-resource-locator-1.0.1.jar;C:\Users\Admin\Desktop\FSD_PROJECT\dependency\maven\repository\org\glassfish\jersey\core\jersey-client\2.27\jersey-client-2.27.jar;C:\Users\Admin\Desktop\FSD_PROJECT\dependency\maven\repository\javax\ws\rs\javax.ws.rs-api\2.1\javax.ws.rs-api-2.1.jar;C:\Users\Admin\Desktop\FSD_PROJECT\dependency\maven\repository\org\glassfish\jersey\media\jersey-media-jaxb\2.27\jersey-media-jaxb-2.27.jar;C:\Users\Admin\Desktop\FSD_PROJECT\dependency\maven\repository\javax\validation\validation-api\2.0.1.Final\validation-api-2.0.1.Final.jar;C:\Users\Admin\Desktop\FSD_PROJECT\dependency\maven\repository\org\glassfish\jersey\containers\jersey-container-servlet-core\2.27\jersey-container-servlet-core-2.27.jar;C:\Users\Admin\Desktop\FSD_PROJECT\dependency\maven\repository\org\glassfish\jersey\containers\jersey-container-servlet\2.27\jersey-container-servlet-2.27.jar;C:\Users\Admin\Desktop\FSD_PROJECT\dependency\maven\repository\org\glassfish\jersey\ext\jersey-bean-validation\2.27\jersey-bean-validation-2.27.jar;C:\Users\Admin\Desktop\FSD_PROJECT\dependency\maven\repository\org\glassfish\jersey\ext\jersey-spring4\2.27\jersey-spring4-2.27.jar;C:\Users\Admin\Desktop\FSD_PROJECT\dependency\maven\repository\org\glassfish\jersey\inject\jersey-hk2\2.27\jersey-hk2-2.27.jar;C:\Users\Admin\Desktop\FSD_PROJECT\dependency\maven\repository\org\glassfish\hk2\hk2-locator\2.5.0-b42\hk2-locator-2.5.0-b42.jar;C:\Users\Admin\Desktop\FSD_PROJECT\dependency\maven\repository\org\glassfish\hk2\external\aopalliance-repackaged\2.5.0-b42\aopalliance-repackaged-2.5.0-b42.jar;C:\Users\Admin\Desktop\FSD_PROJECT\dependency\maven\repository\org\glassfish\hk2\hk2\2.5.0-b42\hk2-2.5.0-b42.jar;C:\Users\Admin\Desktop\FSD_PROJECT\dependency\maven\repository\org\glassfish\hk2\hk2-utils\2.5.0-b42\hk2-utils-2.5.0-b42.jar;C:\Users\Admin\Desktop\FSD_PROJECT\dependency\maven\repository\javax\inject\javax.inject\1\javax.inject-1.jar;C:\Users\Admin\Desktop\FSD_PROJECT\dependency\maven\repository\org\glassfish\hk2\hk2-api\2.5.0-b42\hk2-api-2.5.0-b42.jar;C:\Users\Admin\Desktop\FSD_PROJECT\dependency\maven\repository\org\glassfish\hk2\config-types\2.5.0-b42\config-types-2.5.0-b42.jar;C:\Users\Admin\Desktop\FSD_PROJECT\dependency\maven\repository\org\glassfish\hk2\hk2-core\2.5.0-b42\hk2-core-2.5.0-b42.jar;C:\Users\Admin\Desktop\FSD_PROJECT\dependency\maven\repository\org\glassfish\hk2\hk2-config\2.5.0-b42\hk2-config-2.5.0-b42.jar;C:\Users\Admin\Desktop\FSD_PROJECT\dependency\maven\repository\org\glassfish\hk2\hk2-runlevel\2.5.0-b42\hk2-runlevel-2.5.0-b42.jar;C:\Users\Admin\Desktop\FSD_PROJECT\dependency\maven\repository\org\glassfish\hk2\class-model\2.5.0-b42\class-model-2.5.0-b42.jar;C:\Users\Admin\Desktop\FSD_PROJECT\dependency\maven\repository\org\glassfish\hk2\external\asm-all-repackaged\2.5.0-b42\asm-all-repackaged-2.5.0-b42.jar;C:\Users\Admin\Desktop\FSD_PROJECT\dependency\maven\repository\org\glassfish\hk2\spring-bridge\2.5.0-b42\spring-bridge-2.5.0-b42.jar;C:\Users\Admin\Desktop\FSD_PROJECT\dependency\maven\repository\org\glassfish\jersey\media\jersey-media-json-jackson\2.27\jersey-media-json-jackson-2.27.jar;C:\Users\Admin\Desktop\FSD_PROJECT\dependency\maven\repository\org\glassfish\jersey\ext\jersey-entity-filtering\2.27\jersey-entity-filtering-2.27.jar;C:\Users\Admin\Desktop\FSD_PROJECT\dependency\maven\repository\com\fasterxml\jackson\core\jackson-annotations\2.9.0\jackson-annotations-2.9.0.jar;C:\Users\Admin\Desktop\FSD_PROJECT\dependency\maven\repository\com\fasterxml\jackson\module\jackson-module-jaxb-annotations\2.9.8\jackson-module-jaxb-annotations-2.9.8.jar;C:\Users\Admin\Desktop\FSD_PROJECT\dependency\maven\repository\org\springframework\boot\spring-boot-starter-web\2.1.2.RELEASE\spring-boot-starter-web-2.1.2.RELEASE.jar;C:\Users\Admin\Desktop\FSD_PROJECT\dependency\maven\repository\org\hibernate\validator\hibernate-validator\6.0.14.Final\hibernate-validator-6.0.14.Final.jar;C:\Users\Admin\Desktop\FSD_PROJECT\dependency\maven\repository\org\springframework\spring-webmvc\5.1.4.RELEASE\spring-webmvc-5.1.4.RELEASE.jar;C:\Users\Admin\Desktop\FSD_PROJECT\dependency\maven\repository\org\springframework\spring-expression\5.1.4.RELEASE\spring-expression-5.1.4.RELEASE.jar;C:\Users\Admin\Desktop\FSD_PROJECT\dependency\maven\repository\org\springframework\boot\spring-boot-starter-tomcat\2.1.2.RELEASE\spring-boot-starter-tomcat-2.1.2.RELEASE.jar;C:\Users\Admin\Desktop\FSD_PROJECT\dependency\maven\repository\javax\annotation\javax.annotation-api\1.3.2\javax.annotation-api-1.3.2.jar;C:\Users\Admin\Desktop\FSD_PROJECT\dependency\maven\repository\org\apache\tomcat\embed\tomcat-embed-core\9.0.14\tomcat-embed-core-9.0.14.jar;C:\Users\Admin\Desktop\FSD_PROJECT\dependency\maven\repository\org\apache\tomcat\embed\tomcat-embed-el\9.0.14\tomcat-embed-el-9.0.14.jar;C:\Users\Admin\Desktop\FSD_PROJECT\dependency\maven\repository\org\apache\tomcat\embed\tomcat-embed-websocket\9.0.14\tomcat-embed-websocket-9.0.14.jar;C:\Users\Admin\Desktop\FSD_PROJECT\dependency\maven\repository\org\springframework\boot\spring-boot-devtools\2.1.2.RELEASE\spring-boot-devtools-2.1.2.RELEASE.jar;C:\Users\Admin\Desktop\FSD_PROJECT\dependency\maven\repository\org\springframework\boot\spring-boot\2.1.2.RELEASE\spring-boot-2.1.2.RELEASE.jar;C:\Users\Admin\Desktop\FSD_PROJECT\dependency\maven\repository\org\springframework\boot\spring-boot-autoconfigure\2.1.2.RELEASE\spring-boot-autoconfigure-2.1.2.RELEASE.jar;C:\Users\Admin\Desktop\FSD_PROJECT\dependency\maven\repository\mysql\mysql-connector-java\8.0.13\mysql-connector-java-8.0.13.jar;C:\Users\Admin\Desktop\FSD_PROJECT\dependency\maven\repository\org\projectlombok\lombok\1.18.4\lombok-1.18.4.jar;C:\Users\Admin\Desktop\FSD_PROJECT\dependency\maven\repository\org\springframework\boot\spring-boot-starter-test\2.1.2.RELEASE\spring-boot-starter-test-2.1.2.RELEASE.jar;C:\Users\Admin\Desktop\FSD_PROJECT\dependency\maven\repository\org\springframework\boot\spring-boot-test\2.1.2.RELEASE\spring-boot-test-2.1.2.RELEASE.jar;C:\Users\Admin\Desktop\FSD_PROJECT\dependency\maven\repository\org\springframework\boot\spring-boot-test-autoconfigure\2.1.2.RELEASE\spring-boot-test-autoconfigure-2.1.2.RELEASE.jar;C:\Users\Admin\Desktop\FSD_PROJECT\dependency\maven\repository\com\jayway\jsonpath\json-path\2.4.0\json-path-2.4.0.jar;C:\Users\Admin\Desktop\FSD_PROJECT\dependency\maven\repository\net\minidev\json-smart\2.3\json-smart-2.3.jar;C:\Users\Admin\Desktop\FSD_PROJECT\dependency\maven\repository\net\minidev\accessors-smart\1.2\accessors-smart-1.2.jar;C:\Users\Admin\Desktop\FSD_PROJECT\dependency\maven\repository\org\ow2\asm\asm\5.0.4\asm-5.0.4.jar;C:\Users\Admin\Desktop\FSD_PROJECT\dependency\maven\repository\junit\junit\4.12\junit-4.12.jar;C:\Users\Admin\Desktop\FSD_PROJECT\dependency\maven\repository\org\assertj\assertj-core\3.11.1\assertj-core-3.11.1.jar;C:\Users\Admin\Desktop\FSD_PROJECT\dependency\maven\repository\org\mockito\mockito-core\2.23.4\mockito-core-2.23.4.jar;C:\Users\Admin\Desktop\FSD_PROJECT\dependency\maven\repository\net\bytebuddy\byte-buddy-agent\1.9.7\byte-buddy-agent-1.9.7.jar;C:\Users\Admin\Desktop\FSD_PROJECT\dependency\maven\repository\org\objenesis\objenesis\2.6\objenesis-2.6.jar;C:\Users\Admin\Desktop\FSD_PROJECT\dependency\maven\repository\org\hamcrest\hamcrest-core\1.3\hamcrest-core-1.3.jar;C:\Users\Admin\Desktop\FSD_PROJECT\dependency\maven\repository\org\hamcrest\hamcrest-library\1.3\hamcrest-library-1.3.jar;C:\Users\Admin\Desktop\FSD_PROJECT\dependency\maven\repository\org\skyscreamer\jsonassert\1.5.0\jsonassert-1.5.0.jar;C:\Users\Admin\Desktop\FSD_PROJECT\dependency\maven\repository\com\vaadin\external\google\android-json\0.0.20131108.vaadin1\android-json-0.0.20131108.vaadin1.jar;C:\Users\Admin\Desktop\FSD_PROJECT\dependency\maven\repository\org\springframework\spring-core\5.1.4.RELEASE\spring-core-5.1.4.RELEASE.jar;C:\Users\Admin\Desktop\FSD_PROJECT\dependency\maven\repository\org\springframework\spring-jcl\5.1.4.RELEASE\spring-jcl-5.1.4.RELEASE.jar;C:\Users\Admin\Desktop\FSD_PROJECT\dependency\maven\repository\org\springframework\spring-test\5.1.4.RELEASE\spring-test-5.1.4.RELEASE.jar;C:\Users\Admin\Desktop\FSD_PROJECT\dependency\maven\repository\org\xmlunit\xmlunit-core\2.6.2\xmlunit-core-2.6.2.jar;"/>
    <property name="java.vm.vendor" value="Oracle Corporation"/>
    <property name="sun.arch.data.model" value="64"/>
    <property name="user.variant" value=""/>
    <property name="java.vendor.url" value="http://java.oracle.com/"/>
    <property name="user.timezone" value="Asia/Calcutta"/>
    <property name="java.vm.specification.version" value="1.8"/>
    <property name="os.name" value="Windows 7"/>
    <property name="user.country" value="US"/>
    <property name="sun.java.launcher" value="SUN_STANDARD"/>
    <property name="sun.boot.library.path" value="C:\Program Files\Java\jdk1.8.0_144\jre\bin"/>
    <property name="sun.java.command" value="C:\Users\Admin\AppData\Local\Temp\surefire5136418265919200005\surefirebooter8019363986772483338.jar C:\Users\Admin\AppData\Local\Temp\surefire5136418265919200005 2019-02-04T09-04-50_382-jvmRun1 surefire2338955077765640338tmp surefire_05213522016918844742tmp"/>
    <property name="surefire.test.class.path" value="C:\Users\Admin\Desktop\FSD_PROJECT\pmappservice\pmappservice\target\test-classes;C:\Users\Admin\Desktop\FSD_PROJECT\pmappservice\pmappservice\target\classes;C:\Users\Admin\Desktop\FSD_PROJECT\dependency\maven\repository\org\springframework\boot\spring-boot-starter-actuator\2.1.2.RELEASE\spring-boot-starter-actuator-2.1.2.RELEASE.jar;C:\Users\Admin\Desktop\FSD_PROJECT\dependency\maven\repository\org\springframework\boot\spring-boot-starter\2.1.2.RELEASE\spring-boot-starter-2.1.2.RELEASE.jar;C:\Users\Admin\Desktop\FSD_PROJECT\dependency\maven\repository\org\springframework\boot\spring-boot-starter-logging\2.1.2.RELEASE\spring-boot-starter-logging-2.1.2.RELEASE.jar;C:\Users\Admin\Desktop\FSD_PROJECT\dependency\maven\repository\ch\qos\logback\logback-classic\1.2.3\logback-classic-1.2.3.jar;C:\Users\Admin\Desktop\FSD_PROJECT\dependency\maven\repository\ch\qos\logback\logback-core\1.2.3\logback-core-1.2.3.jar;C:\Users\Admin\Desktop\FSD_PROJECT\dependency\maven\repository\org\apache\logging\log4j\log4j-to-slf4j\2.11.1\log4j-to-slf4j-2.11.1.jar;C:\Users\Admin\Desktop\FSD_PROJECT\dependency\maven\repository\org\apache\logging\log4j\log4j-api\2.11.1\log4j-api-2.11.1.jar;C:\Users\Admin\Desktop\FSD_PROJECT\dependency\maven\repository\org\slf4j\jul-to-slf4j\1.7.25\jul-to-slf4j-1.7.25.jar;C:\Users\Admin\Desktop\FSD_PROJECT\dependency\maven\repository\org\yaml\snakeyaml\1.23\snakeyaml-1.23.jar;C:\Users\Admin\Desktop\FSD_PROJECT\dependency\maven\repository\org\springframework\boot\spring-boot-actuator-autoconfigure\2.1.2.RELEASE\spring-boot-actuator-autoconfigure-2.1.2.RELEASE.jar;C:\Users\Admin\Desktop\FSD_PROJECT\dependency\maven\repository\org\springframework\boot\spring-boot-actuator\2.1.2.RELEASE\spring-boot-actuator-2.1.2.RELEASE.jar;C:\Users\Admin\Desktop\FSD_PROJECT\dependency\maven\repository\com\fasterxml\jackson\core\jackson-databind\2.9.8\jackson-databind-2.9.8.jar;C:\Users\Admin\Desktop\FSD_PROJECT\dependency\maven\repository\com\fasterxml\jackson\core\jackson-core\2.9.8\jackson-core-2.9.8.jar;C:\Users\Admin\Desktop\FSD_PROJECT\dependency\maven\repository\org\springframework\spring-context\5.1.4.RELEASE\spring-context-5.1.4.RELEASE.jar;C:\Users\Admin\Desktop\FSD_PROJECT\dependency\maven\repository\com\fasterxml\jackson\datatype\jackson-datatype-jsr310\2.9.8\jackson-datatype-jsr310-2.9.8.jar;C:\Users\Admin\Desktop\FSD_PROJECT\dependency\maven\repository\io\micrometer\micrometer-core\1.1.2\micrometer-core-1.1.2.jar;C:\Users\Admin\Desktop\FSD_PROJECT\dependency\maven\repository\org\hdrhistogram\HdrHistogram\2.1.9\HdrHistogram-2.1.9.jar;C:\Users\Admin\Desktop\FSD_PROJECT\dependency\maven\repository\org\latencyutils\LatencyUtils\2.0.3\LatencyUtils-2.0.3.jar;C:\Users\Admin\Desktop\FSD_PROJECT\dependency\maven\repository\org\springframework\boot\spring-boot-starter-cache\2.1.2.RELEASE\spring-boot-starter-cache-2.1.2.RELEASE.jar;C:\Users\Admin\Desktop\FSD_PROJECT\dependency\maven\repository\org\springframework\spring-context-support\5.1.4.RELEASE\spring-context-support-5.1.4.RELEASE.jar;C:\Users\Admin\Desktop\FSD_PROJECT\dependency\maven\repository\org\springframework\spring-beans\5.1.4.RELEASE\spring-beans-5.1.4.RELEASE.jar;C:\Users\Admin\Desktop\FSD_PROJECT\dependency\maven\repository\org\springframework\boot\spring-boot-starter-data-jpa\2.1.2.RELEASE\spring-boot-starter-data-jpa-2.1.2.RELEASE.jar;C:\Users\Admin\Desktop\FSD_PROJECT\dependency\maven\repository\org\springframework\boot\spring-boot-starter-aop\2.1.2.RELEASE\spring-boot-starter-aop-2.1.2.RELEASE.jar;C:\Users\Admin\Desktop\FSD_PROJECT\dependency\maven\repository\org\springframework\spring-aop\5.1.4.RELEASE\spring-aop-5.1.4.RELEASE.jar;C:\Users\Admin\Desktop\FSD_PROJECT\dependency\maven\repository\org\aspectj\aspectjweaver\1.9.2\aspectjweaver-1.9.2.jar;C:\Users\Admin\Desktop\FSD_PROJECT\dependency\maven\repository\org\springframework\boot\spring-boot-starter-jdbc\2.1.2.RELEASE\spring-boot-starter-jdbc-2.1.2.RELEASE.jar;C:\Users\Admin\Desktop\FSD_PROJECT\dependency\maven\repository\com\zaxxer\HikariCP\3.2.0\HikariCP-3.2.0.jar;C:\Users\Admin\Desktop\FSD_PROJECT\dependency\maven\repository\org\springframework\spring-jdbc\5.1.4.RELEASE\spring-jdbc-5.1.4.RELEASE.jar;C:\Users\Admin\Desktop\FSD_PROJECT\dependency\maven\repository\javax\transaction\javax.transaction-api\1.3\javax.transaction-api-1.3.jar;C:\Users\Admin\Desktop\FSD_PROJECT\dependency\maven\repository\javax\xml\bind\jaxb-api\2.3.1\jaxb-api-2.3.1.jar;C:\Users\Admin\Desktop\FSD_PROJECT\dependency\maven\repository\javax\activation\javax.activation-api\1.2.0\javax.activation-api-1.2.0.jar;C:\Users\Admin\Desktop\FSD_PROJECT\dependency\maven\repository\org\hibernate\hibernate-core\5.3.7.Final\hibernate-core-5.3.7.Final.jar;C:\Users\Admin\Desktop\FSD_PROJECT\dependency\maven\repository\org\jboss\logging\jboss-logging\3.3.2.Final\jboss-logging-3.3.2.Final.jar;C:\Users\Admin\Desktop\FSD_PROJECT\dependency\maven\repository\javax\persistence\javax.persistence-api\2.2\javax.persistence-api-2.2.jar;C:\Users\Admin\Desktop\FSD_PROJECT\dependency\maven\repository\org\javassist\javassist\3.23.1-GA\javassist-3.23.1-GA.jar;C:\Users\Admin\Desktop\FSD_PROJECT\dependency\maven\repository\net\bytebuddy\byte-buddy\1.9.7\byte-buddy-1.9.7.jar;C:\Users\Admin\Desktop\FSD_PROJECT\dependency\maven\repository\antlr\antlr\2.7.7\antlr-2.7.7.jar;C:\Users\Admin\Desktop\FSD_PROJECT\dependency\maven\repository\org\jboss\jandex\2.0.5.Final\jandex-2.0.5.Final.jar;C:\Users\Admin\Desktop\FSD_PROJECT\dependency\maven\repository\com\fasterxml\classmate\1.4.0\classmate-1.4.0.jar;C:\Users\Admin\Desktop\FSD_PROJECT\dependency\maven\repository\org\dom4j\dom4j\2.1.1\dom4j-2.1.1.jar;C:\Users\Admin\Desktop\FSD_PROJECT\dependency\maven\repository\org\hibernate\common\hibernate-commons-annotations\5.0.4.Final\hibernate-commons-annotations-5.0.4.Final.jar;C:\Users\Admin\Desktop\FSD_PROJECT\dependency\maven\repository\org\springframework\data\spring-data-jpa\2.1.4.RELEASE\spring-data-jpa-2.1.4.RELEASE.jar;C:\Users\Admin\Desktop\FSD_PROJECT\dependency\maven\repository\org\springframework\data\spring-data-commons\2.1.4.RELEASE\spring-data-commons-2.1.4.RELEASE.jar;C:\Users\Admin\Desktop\FSD_PROJECT\dependency\maven\repository\org\springframework\spring-orm\5.1.4.RELEASE\spring-orm-5.1.4.RELEASE.jar;C:\Users\Admin\Desktop\FSD_PROJECT\dependency\maven\repository\org\springframework\spring-tx\5.1.4.RELEASE\spring-tx-5.1.4.RELEASE.jar;C:\Users\Admin\Desktop\FSD_PROJECT\dependency\maven\repository\org\slf4j\slf4j-api\1.7.25\slf4j-api-1.7.25.jar;C:\Users\Admin\Desktop\FSD_PROJECT\dependency\maven\repository\org\springframework\spring-aspects\5.1.4.RELEASE\spring-aspects-5.1.4.RELEASE.jar;C:\Users\Admin\Desktop\FSD_PROJECT\dependency\maven\repository\org\springframework\boot\spring-boot-starter-jersey\2.1.2.RELEASE\spring-boot-starter-jersey-2.1.2.RELEASE.jar;C:\Users\Admin\Desktop\FSD_PROJECT\dependency\maven\repository\org\springframework\boot\spring-boot-starter-json\2.1.2.RELEASE\spring-boot-starter-json-2.1.2.RELEASE.jar;C:\Users\Admin\Desktop\FSD_PROJECT\dependency\maven\repository\com\fasterxml\jackson\datatype\jackson-datatype-jdk8\2.9.8\jackson-datatype-jdk8-2.9.8.jar;C:\Users\Admin\Desktop\FSD_PROJECT\dependency\maven\repository\com\fasterxml\jackson\module\jackson-module-parameter-names\2.9.8\jackson-module-parameter-names-2.9.8.jar;C:\Users\Admin\Desktop\FSD_PROJECT\dependency\maven\repository\org\springframework\boot\spring-boot-starter-validation\2.1.2.RELEASE\spring-boot-starter-validation-2.1.2.RELEASE.jar;C:\Users\Admin\Desktop\FSD_PROJECT\dependency\maven\repository\org\springframework\spring-web\5.1.4.RELEASE\spring-web-5.1.4.RELEASE.jar;C:\Users\Admin\Desktop\FSD_PROJECT\dependency\maven\repository\org\glassfish\jersey\core\jersey-server\2.27\jersey-server-2.27.jar;C:\Users\Admin\Desktop\FSD_PROJECT\dependency\maven\repository\org\glassfish\jersey\core\jersey-common\2.27\jersey-common-2.27.jar;C:\Users\Admin\Desktop\FSD_PROJECT\dependency\maven\repository\org\glassfish\hk2\osgi-resource-locator\1.0.1\osgi-resource-locator-1.0.1.jar;C:\Users\Admin\Desktop\FSD_PROJECT\dependency\maven\repository\org\glassfish\jersey\core\jersey-client\2.27\jersey-client-2.27.jar;C:\Users\Admin\Desktop\FSD_PROJECT\dependency\maven\repository\javax\ws\rs\javax.ws.rs-api\2.1\javax.ws.rs-api-2.1.jar;C:\Users\Admin\Desktop\FSD_PROJECT\dependency\maven\repository\org\glassfish\jersey\media\jersey-media-jaxb\2.27\jersey-media-jaxb-2.27.jar;C:\Users\Admin\Desktop\FSD_PROJECT\dependency\maven\repository\javax\validation\validation-api\2.0.1.Final\validation-api-2.0.1.Final.jar;C:\Users\Admin\Desktop\FSD_PROJECT\dependency\maven\repository\org\glassfish\jersey\containers\jersey-container-servlet-core\2.27\jersey-container-servlet-core-2.27.jar;C:\Users\Admin\Desktop\FSD_PROJECT\dependency\maven\repository\org\glassfish\jersey\containers\jersey-container-servlet\2.27\jersey-container-servlet-2.27.jar;C:\Users\Admin\Desktop\FSD_PROJECT\dependency\maven\repository\org\glassfish\jersey\ext\jersey-bean-validation\2.27\jersey-bean-validation-2.27.jar;C:\Users\Admin\Desktop\FSD_PROJECT\dependency\maven\repository\org\glassfish\jersey\ext\jersey-spring4\2.27\jersey-spring4-2.27.jar;C:\Users\Admin\Desktop\FSD_PROJECT\dependency\maven\repository\org\glassfish\jersey\inject\jersey-hk2\2.27\jersey-hk2-2.27.jar;C:\Users\Admin\Desktop\FSD_PROJECT\dependency\maven\repository\org\glassfish\hk2\hk2-locator\2.5.0-b42\hk2-locator-2.5.0-b42.jar;C:\Users\Admin\Desktop\FSD_PROJECT\dependency\maven\repository\org\glassfish\hk2\external\aopalliance-repackaged\2.5.0-b42\aopalliance-repackaged-2.5.0-b42.jar;C:\Users\Admin\Desktop\FSD_PROJECT\dependency\maven\repository\org\glassfish\hk2\hk2\2.5.0-b42\hk2-2.5.0-b42.jar;C:\Users\Admin\Desktop\FSD_PROJECT\dependency\maven\repository\org\glassfish\hk2\hk2-utils\2.5.0-b42\hk2-utils-2.5.0-b42.jar;C:\Users\Admin\Desktop\FSD_PROJECT\dependency\maven\repository\javax\inject\javax.inject\1\javax.inject-1.jar;C:\Users\Admin\Desktop\FSD_PROJECT\dependency\maven\repository\org\glassfish\hk2\hk2-api\2.5.0-b42\hk2-api-2.5.0-b42.jar;C:\Users\Admin\Desktop\FSD_PROJECT\dependency\maven\repository\org\glassfish\hk2\config-types\2.5.0-b42\config-types-2.5.0-b42.jar;C:\Users\Admin\Desktop\FSD_PROJECT\dependency\maven\repository\org\glassfish\hk2\hk2-core\2.5.0-b42\hk2-core-2.5.0-b42.jar;C:\Users\Admin\Desktop\FSD_PROJECT\dependency\maven\repository\org\glassfish\hk2\hk2-config\2.5.0-b42\hk2-config-2.5.0-b42.jar;C:\Users\Admin\Desktop\FSD_PROJECT\dependency\maven\repository\org\glassfish\hk2\hk2-runlevel\2.5.0-b42\hk2-runlevel-2.5.0-b42.jar;C:\Users\Admin\Desktop\FSD_PROJECT\dependency\maven\repository\org\glassfish\hk2\class-model\2.5.0-b42\class-model-2.5.0-b42.jar;C:\Users\Admin\Desktop\FSD_PROJECT\dependency\maven\repository\org\glassfish\hk2\external\asm-all-repackaged\2.5.0-b42\asm-all-repackaged-2.5.0-b42.jar;C:\Users\Admin\Desktop\FSD_PROJECT\dependency\maven\repository\org\glassfish\hk2\spring-bridge\2.5.0-b42\spring-bridge-2.5.0-b42.jar;C:\Users\Admin\Desktop\FSD_PROJECT\dependency\maven\repository\org\glassfish\jersey\media\jersey-media-json-jackson\2.27\jersey-media-json-jackson-2.27.jar;C:\Users\Admin\Desktop\FSD_PROJECT\dependency\maven\repository\org\glassfish\jersey\ext\jersey-entity-filtering\2.27\jersey-entity-filtering-2.27.jar;C:\Users\Admin\Desktop\FSD_PROJECT\dependency\maven\repository\com\fasterxml\jackson\core\jackson-annotations\2.9.0\jackson-annotations-2.9.0.jar;C:\Users\Admin\Desktop\FSD_PROJECT\dependency\maven\repository\com\fasterxml\jackson\module\jackson-module-jaxb-annotations\2.9.8\jackson-module-jaxb-annotations-2.9.8.jar;C:\Users\Admin\Desktop\FSD_PROJECT\dependency\maven\repository\org\springframework\boot\spring-boot-starter-web\2.1.2.RELEASE\spring-boot-starter-web-2.1.2.RELEASE.jar;C:\Users\Admin\Desktop\FSD_PROJECT\dependency\maven\repository\org\hibernate\validator\hibernate-validator\6.0.14.Final\hibernate-validator-6.0.14.Final.jar;C:\Users\Admin\Desktop\FSD_PROJECT\dependency\maven\repository\org\springframework\spring-webmvc\5.1.4.RELEASE\spring-webmvc-5.1.4.RELEASE.jar;C:\Users\Admin\Desktop\FSD_PROJECT\dependency\maven\repository\org\springframework\spring-expression\5.1.4.RELEASE\spring-expression-5.1.4.RELEASE.jar;C:\Users\Admin\Desktop\FSD_PROJECT\dependency\maven\repository\org\springframework\boot\spring-boot-starter-tomcat\2.1.2.RELEASE\spring-boot-starter-tomcat-2.1.2.RELEASE.jar;C:\Users\Admin\Desktop\FSD_PROJECT\dependency\maven\repository\javax\annotation\javax.annotation-api\1.3.2\javax.annotation-api-1.3.2.jar;C:\Users\Admin\Desktop\FSD_PROJECT\dependency\maven\repository\org\apache\tomcat\embed\tomcat-embed-core\9.0.14\tomcat-embed-core-9.0.14.jar;C:\Users\Admin\Desktop\FSD_PROJECT\dependency\maven\repository\org\apache\tomcat\embed\tomcat-embed-el\9.0.14\tomcat-embed-el-9.0.14.jar;C:\Users\Admin\Desktop\FSD_PROJECT\dependency\maven\repository\org\apache\tomcat\embed\tomcat-embed-websocket\9.0.14\tomcat-embed-websocket-9.0.14.jar;C:\Users\Admin\Desktop\FSD_PROJECT\dependency\maven\repository\org\springframework\boot\spring-boot-devtools\2.1.2.RELEASE\spring-boot-devtools-2.1.2.RELEASE.jar;C:\Users\Admin\Desktop\FSD_PROJECT\dependency\maven\repository\org\springframework\boot\spring-boot\2.1.2.RELEASE\spring-boot-2.1.2.RELEASE.jar;C:\Users\Admin\Desktop\FSD_PROJECT\dependency\maven\repository\org\springframework\boot\spring-boot-autoconfigure\2.1.2.RELEASE\spring-boot-autoconfigure-2.1.2.RELEASE.jar;C:\Users\Admin\Desktop\FSD_PROJECT\dependency\maven\repository\mysql\mysql-connector-java\8.0.13\mysql-connector-java-8.0.13.jar;C:\Users\Admin\Desktop\FSD_PROJECT\dependency\maven\repository\org\projectlombok\lombok\1.18.4\lombok-1.18.4.jar;C:\Users\Admin\Desktop\FSD_PROJECT\dependency\maven\repository\org\springframework\boot\spring-boot-starter-test\2.1.2.RELEASE\spring-boot-starter-test-2.1.2.RELEASE.jar;C:\Users\Admin\Desktop\FSD_PROJECT\dependency\maven\repository\org\springframework\boot\spring-boot-test\2.1.2.RELEASE\spring-boot-test-2.1.2.RELEASE.jar;C:\Users\Admin\Desktop\FSD_PROJECT\dependency\maven\repository\org\springframework\boot\spring-boot-test-autoconfigure\2.1.2.RELEASE\spring-boot-test-autoconfigure-2.1.2.RELEASE.jar;C:\Users\Admin\Desktop\FSD_PROJECT\dependency\maven\repository\com\jayway\jsonpath\json-path\2.4.0\json-path-2.4.0.jar;C:\Users\Admin\Desktop\FSD_PROJECT\dependency\maven\repository\net\minidev\json-smart\2.3\json-smart-2.3.jar;C:\Users\Admin\Desktop\FSD_PROJECT\dependency\maven\repository\net\minidev\accessors-smart\1.2\accessors-smart-1.2.jar;C:\Users\Admin\Desktop\FSD_PROJECT\dependency\maven\repository\org\ow2\asm\asm\5.0.4\asm-5.0.4.jar;C:\Users\Admin\Desktop\FSD_PROJECT\dependency\maven\repository\junit\junit\4.12\junit-4.12.jar;C:\Users\Admin\Desktop\FSD_PROJECT\dependency\maven\repository\org\assertj\assertj-core\3.11.1\assertj-core-3.11.1.jar;C:\Users\Admin\Desktop\FSD_PROJECT\dependency\maven\repository\org\mockito\mockito-core\2.23.4\mockito-core-2.23.4.jar;C:\Users\Admin\Desktop\FSD_PROJECT\dependency\maven\repository\net\bytebuddy\byte-buddy-agent\1.9.7\byte-buddy-agent-1.9.7.jar;C:\Users\Admin\Desktop\FSD_PROJECT\dependency\maven\repository\org\objenesis\objenesis\2.6\objenesis-2.6.jar;C:\Users\Admin\Desktop\FSD_PROJECT\dependency\maven\repository\org\hamcrest\hamcrest-core\1.3\hamcrest-core-1.3.jar;C:\Users\Admin\Desktop\FSD_PROJECT\dependency\maven\repository\org\hamcrest\hamcrest-library\1.3\hamcrest-library-1.3.jar;C:\Users\Admin\Desktop\FSD_PROJECT\dependency\maven\repository\org\skyscreamer\jsonassert\1.5.0\jsonassert-1.5.0.jar;C:\Users\Admin\Desktop\FSD_PROJECT\dependency\maven\repository\com\vaadin\external\google\android-json\0.0.20131108.vaadin1\android-json-0.0.20131108.vaadin1.jar;C:\Users\Admin\Desktop\FSD_PROJECT\dependency\maven\repository\org\springframework\spring-core\5.1.4.RELEASE\spring-core-5.1.4.RELEASE.jar;C:\Users\Admin\Desktop\FSD_PROJECT\dependency\maven\repository\org\springframework\spring-jcl\5.1.4.RELEASE\spring-jcl-5.1.4.RELEASE.jar;C:\Users\Admin\Desktop\FSD_PROJECT\dependency\maven\repository\org\springframework\spring-test\5.1.4.RELEASE\spring-test-5.1.4.RELEASE.jar;C:\Users\Admin\Desktop\FSD_PROJECT\dependency\maven\repository\org\xmlunit\xmlunit-core\2.6.2\xmlunit-core-2.6.2.jar;"/>
    <property name="sun.cpu.endian" value="little"/>
    <property name="user.home" value="C:\Users\Admin"/>
    <property name="user.language" value="en"/>
    <property name="java.specification.vendor" value="Oracle Corporation"/>
    <property name="java.home" value="C:\Program Files\Java\jdk1.8.0_144\jre"/>
    <property name="basedir" value="C:\Users\Admin\Desktop\FSD_PROJECT\pmappservice\pmappservice"/>
    <property name="file.separator" value="\"/>
    <property name="line.separator" value="&#10;"/>
    <property name="java.vm.specification.vendor" value="Oracle Corporation"/>
    <property name="java.specification.name" value="Java Platform API Specification"/>
    <property name="java.awt.graphicsenv" value="sun.awt.Win32GraphicsEnvironment"/>
    <property name="surefire.real.class.path" value="C:\Users\Admin\AppData\Local\Temp\surefire5136418265919200005\surefirebooter8019363986772483338.jar"/>
    <property name="sun.boot.class.path" value="C:\Program Files\Java\jdk1.8.0_144\jre\lib\resources.jar;C:\Program Files\Java\jdk1.8.0_144\jre\lib\rt.jar;C:\Program Files\Java\jdk1.8.0_144\jre\lib\sunrsasign.jar;C:\Program Files\Java\jdk1.8.0_144\jre\lib\jsse.jar;C:\Program Files\Java\jdk1.8.0_144\jre\lib\jce.jar;C:\Program Files\Java\jdk1.8.0_144\jre\lib\charsets.jar;C:\Program Files\Java\jdk1.8.0_144\jre\lib\jfr.jar;C:\Program Files\Java\jdk1.8.0_144\jre\classes"/>
    <property name="user.script" value=""/>
    <property name="sun.management.compiler" value="HotSpot 64-Bit Tiered Compilers"/>
    <property name="java.runtime.version" value="1.8.0_144-b01"/>
    <property name="user.name" value="Admin"/>
    <property name="path.separator" value=";"/>
    <property name="os.version" value="6.1"/>
    <property name="java.endorsed.dirs" value="C:\Program Files\Java\jdk1.8.0_144\jre\lib\endorsed"/>
    <property name="java.runtime.name" value="Java(TM) SE Runtime Environment"/>
    <property name="file.encoding" value="Cp1252"/>
    <property name="java.vm.name" value="Java HotSpot(TM) 64-Bit Server VM"/>
    <property name="localRepository" value="C:\Users\Admin\Desktop\FSD_PROJECT\dependency\maven\repository"/>
    <property name="java.vendor.url.bug" value="http://bugreport.sun.com/bugreport/"/>
    <property name="java.io.tmpdir" value="C:\Users\Admin\AppData\Local\Temp\"/>
    <property name="java.version" value="1.8.0_144"/>
    <property name="user.dir" value="C:\Users\Admin\Desktop\FSD_PROJECT\pmappservice\pmappservice"/>
    <property name="os.arch" value="amd64"/>
    <property name="java.vm.specification.name" value="Java Virtual Machine Specification"/>
    <property name="java.awt.printerjob" value="sun.awt.windows.WPrinterJob"/>
    <property name="sun.os.patch.level" value="Service Pack 1"/>
    <property name="java.library.path" value="C:\Program Files\Java\jdk1.8.0_144\jre\bin;C:\Windows\Sun\Java\bin;C:\Windows\system32;C:\Windows;C:/Program Files/Java/jre1.8.0_144/bin/server;C:/Program Files/Java/jre1.8.0_144/bin;C:/Program Files/Java/jre1.8.0_144/lib/amd64;C:\ProgramData\Oracle\Java\javapath;C:\Windows\system32;C:\Windows;C:\Windows\System32\Wbem;C:\Windows\System32\WindowsPowerShell\v1.0\;C:\Program Files\Git\cmd;C:\Program Files (x86)\MySQL\MySQL Fabric 1.5 &amp; MySQL Utilities 1.5\;C:\Program Files (x86)\MySQL\MySQL Fabric 1.5 &amp; MySQL Utilities 1.5\Doctrine extensions for PHP\;C:\Program Files\Microsoft VS Code\bin;C:\Program Files\nodejs\;C:\Program Files\Microsoft VS Code\bin;C:\Users\Admin\AppData\Roaming\npm;C:\Users\Admin\Desktop;;."/>
    <property name="java.vm.info" value="mixed mode"/>
    <property name="java.vendor" value="Oracle Corporation"/>
    <property name="java.vm.version" value="25.144-b01"/>
    <property name="java.ext.dirs" value="C:\Program Files\Java\jdk1.8.0_144\jre\lib\ext;C:\Windows\Sun\Java\lib\ext"/>
    <property name="sun.io.unicode.encoding" value="UnicodeLittle"/>
    <property name="java.class.version" value="52.0"/>
  </properties>
  <testcase name="getAllParentTasks" classname="com.learn.pmapp.controller.ParentTaskControllerAllTests" time="0.422">
    <failure type="java.lang.AssertionError">java.lang.AssertionError
	at com.learn.pmapp.controller.ParentTaskControllerAllTests.getAllParentTasks(ParentTaskControllerAllTests.java:32)
</failure>
    <system-out><![CDATA[09:04:56.442 [main] DEBUG org.springframework.test.context.junit4.SpringJUnit4ClassRunner - SpringJUnit4ClassRunner constructor called with [class com.learn.pmapp.controller.ParentTaskControllerAllTests]
09:04:56.458 [main] DEBUG org.springframework.test.context.BootstrapUtils - Instantiating CacheAwareContextLoaderDelegate from class [org.springframework.test.context.cache.DefaultCacheAwareContextLoaderDelegate]
09:04:56.473 [main] DEBUG org.springframework.test.context.BootstrapUtils - Instantiating BootstrapContext using constructor [public org.springframework.test.context.support.DefaultBootstrapContext(java.lang.Class,org.springframework.test.context.CacheAwareContextLoaderDelegate)]
09:04:56.596 [main] DEBUG org.springframework.test.context.BootstrapUtils - Instantiating TestContextBootstrapper for test class [com.learn.pmapp.controller.ParentTaskControllerAllTests] from class [org.springframework.boot.test.context.SpringBootTestContextBootstrapper]
09:04:56.620 [main] INFO org.springframework.boot.test.context.SpringBootTestContextBootstrapper - Neither @ContextConfiguration nor @ContextHierarchy found for test class [com.learn.pmapp.controller.ParentTaskControllerAllTests], using SpringBootContextLoader
09:04:56.626 [main] DEBUG org.springframework.test.context.support.AbstractContextLoader - Did not detect default resource location for test class [com.learn.pmapp.controller.ParentTaskControllerAllTests]: class path resource [com/learn/pmapp/controller/ParentTaskControllerAllTests-context.xml] does not exist
09:04:56.626 [main] DEBUG org.springframework.test.context.support.AbstractContextLoader - Did not detect default resource location for test class [com.learn.pmapp.controller.ParentTaskControllerAllTests]: class path resource [com/learn/pmapp/controller/ParentTaskControllerAllTestsContext.groovy] does not exist
09:04:56.626 [main] INFO org.springframework.test.context.support.AbstractContextLoader - Could not detect default resource locations for test class [com.learn.pmapp.controller.ParentTaskControllerAllTests]: no resource found for suffixes {-context.xml, Context.groovy}.
09:04:56.852 [main] DEBUG org.springframework.test.context.support.ActiveProfilesUtils - Could not find an 'annotation declaring class' for annotation type [org.springframework.test.context.ActiveProfiles] and class [com.learn.pmapp.controller.ParentTaskControllerAllTests]
09:04:57.264 [main] DEBUG org.springframework.boot.test.context.SpringBootTestContextBootstrapper - @TestExecutionListeners is not present for class [com.learn.pmapp.controller.ParentTaskControllerAllTests]: using defaults.
09:04:57.265 [main] INFO org.springframework.boot.test.context.SpringBootTestContextBootstrapper - Loaded default TestExecutionListener class names from location [META-INF/spring.factories]: [org.springframework.boot.test.mock.mockito.MockitoTestExecutionListener, org.springframework.boot.test.mock.mockito.ResetMocksTestExecutionListener, org.springframework.boot.test.autoconfigure.restdocs.RestDocsTestExecutionListener, org.springframework.boot.test.autoconfigure.web.client.MockRestServiceServerResetTestExecutionListener, org.springframework.boot.test.autoconfigure.web.servlet.MockMvcPrintOnlyOnFailureTestExecutionListener, org.springframework.boot.test.autoconfigure.web.servlet.WebDriverTestExecutionListener, org.springframework.test.context.web.ServletTestExecutionListener, org.springframework.test.context.support.DirtiesContextBeforeModesTestExecutionListener, org.springframework.test.context.support.DependencyInjectionTestExecutionListener, org.springframework.test.context.support.DirtiesContextTestExecutionListener, org.springframework.test.context.transaction.TransactionalTestExecutionListener, org.springframework.test.context.jdbc.SqlScriptsTestExecutionListener]
09:04:57.384 [main] INFO org.springframework.boot.test.context.SpringBootTestContextBootstrapper - Using TestExecutionListeners: [org.springframework.test.context.web.ServletTestExecutionListener@747ddf94, org.springframework.test.context.support.DirtiesContextBeforeModesTestExecutionListener@35e2d654, org.springframework.boot.test.mock.mockito.MockitoTestExecutionListener@1bd4fdd, org.springframework.boot.test.autoconfigure.SpringBootDependencyInjectionTestExecutionListener@55183b20, org.springframework.test.context.support.DirtiesContextTestExecutionListener@4f83df68, org.springframework.test.context.transaction.TransactionalTestExecutionListener@6cf0e0ba, org.springframework.test.context.jdbc.SqlScriptsTestExecutionListener@7d8995e, org.springframework.boot.test.mock.mockito.ResetMocksTestExecutionListener@130d63be, org.springframework.boot.test.autoconfigure.restdocs.RestDocsTestExecutionListener@42a48628, org.springframework.boot.test.autoconfigure.web.client.MockRestServiceServerResetTestExecutionListener@293a5bf6, org.springframework.boot.test.autoconfigure.web.servlet.MockMvcPrintOnlyOnFailureTestExecutionListener@6aeb35e6, org.springframework.boot.test.autoconfigure.web.servlet.WebDriverTestExecutionListener@1283bb96]
09:04:57.388 [main] DEBUG org.springframework.test.annotation.ProfileValueUtils - Retrieved @ProfileValueSourceConfiguration [null] for test class [com.learn.pmapp.controller.ParentTaskControllerAllTests]
09:04:57.389 [main] DEBUG org.springframework.test.annotation.ProfileValueUtils - Retrieved ProfileValueSource type [class org.springframework.test.annotation.SystemProfileValueSource] for class [com.learn.pmapp.controller.ParentTaskControllerAllTests]
09:04:57.392 [main] DEBUG org.springframework.test.annotation.ProfileValueUtils - Retrieved @ProfileValueSourceConfiguration [null] for test class [com.learn.pmapp.controller.ParentTaskControllerAllTests]
09:04:57.395 [main] DEBUG org.springframework.test.annotation.ProfileValueUtils - Retrieved ProfileValueSource type [class org.springframework.test.annotation.SystemProfileValueSource] for class [com.learn.pmapp.controller.ParentTaskControllerAllTests]
09:04:57.395 [main] DEBUG org.springframework.test.annotation.ProfileValueUtils - Retrieved @ProfileValueSourceConfiguration [null] for test class [com.learn.pmapp.controller.ParentTaskControllerAllTests]
09:04:57.396 [main] DEBUG org.springframework.test.annotation.ProfileValueUtils - Retrieved ProfileValueSource type [class org.springframework.test.annotation.SystemProfileValueSource] for class [com.learn.pmapp.controller.ParentTaskControllerAllTests]
09:04:57.405 [main] DEBUG org.springframework.test.context.support.AbstractDirtiesContextTestExecutionListener - Before test class: context [DefaultTestContext@48f2bd5b testClass = ParentTaskControllerAllTests, testInstance = [null], testMethod = [null], testException = [null], mergedContextConfiguration = [WebMergedContextConfiguration@7b2bbc3 testClass = ParentTaskControllerAllTests, locations = '{}', classes = '{class com.learn.pmapp.ProjManageApplication, class com.learn.pmapp.ProjManageApplication}', contextInitializerClasses = '[]', activeProfiles = '{}', propertySourceLocations = '{}', propertySourceProperties = '{org.springframework.boot.test.context.SpringBootTestContextBootstrapper=true}', contextCustomizers = set[org.springframework.boot.test.context.filter.ExcludeFilterContextCustomizer@1068e947, org.springframework.boot.test.json.DuplicateJsonObjectContextCustomizerFactory$DuplicateJsonObjectContextCustomizer@5fcd892a, org.springframework.boot.test.mock.mockito.MockitoContextCustomizer@0, org.springframework.boot.test.web.client.TestRestTemplateContextCustomizer@60438a68, org.springframework.boot.test.autoconfigure.properties.PropertyMappingContextCustomizer@0, org.springframework.boot.test.autoconfigure.web.servlet.WebDriverContextCustomizerFactory$Customizer@77a57272, org.springframework.test.context.web.socket.MockServerContainerContextCustomizer@6e2c9341], resourceBasePath = 'src/main/webapp', contextLoader = 'org.springframework.boot.test.context.SpringBootContextLoader', parent = [null]], attributes = map['org.springframework.test.context.web.ServletTestExecutionListener.activateListener' -> true]], class annotated with @DirtiesContext [false] with mode [null].
09:04:57.406 [main] DEBUG org.springframework.test.annotation.ProfileValueUtils - Retrieved @ProfileValueSourceConfiguration [null] for test class [com.learn.pmapp.controller.ParentTaskControllerAllTests]
09:04:57.407 [main] DEBUG org.springframework.test.annotation.ProfileValueUtils - Retrieved ProfileValueSource type [class org.springframework.test.annotation.SystemProfileValueSource] for class [com.learn.pmapp.controller.ParentTaskControllerAllTests]
09:04:57.504 [main] DEBUG org.springframework.test.context.support.TestPropertySourceUtils - Adding inlined properties to environment: {spring.jmx.enabled=false, org.springframework.boot.test.context.SpringBootTestContextBootstrapper=true, server.port=-1}

  .   ____          _            __ _ _
 /\\ / ___'_ __ _ _(_)_ __  __ _ \ \ \ \
( ( )\___ | '_ | '_| | '_ \/ _` | \ \ \ \
 \\/  ___)| |_)| | | | | || (_| |  ) ) ) )
  '  |____| .__|_| |_|_| |_\__, | / / / /
 =========|_|==============|___/=/_/_/_/
 :: Spring Boot ::        (v2.1.2.RELEASE)

2019-02-04 09:05:00.354  INFO 103588 --- [           main] c.l.p.c.ParentTaskControllerAllTests     : Starting ParentTaskControllerAllTests on Javafs with PID 103588 (started by Admin in C:\Users\Admin\Desktop\FSD_PROJECT\pmappservice\pmappservice)
2019-02-04 09:05:00.354  INFO 103588 --- [           main] c.l.p.c.ParentTaskControllerAllTests     : No active profile set, falling back to default profiles: default
2019-02-04 09:05:04.510  INFO 103588 --- [           main] .s.d.r.c.RepositoryConfigurationDelegate : Bootstrapping Spring Data repositories in DEFAULT mode.
2019-02-04 09:05:05.361  INFO 103588 --- [           main] .s.d.r.c.RepositoryConfigurationDelegate : Finished Spring Data repository scanning in 835ms. Found 5 repository interfaces.
2019-02-04 09:05:08.282  INFO 103588 --- [           main] trationDelegate$BeanPostProcessorChecker : Bean 'org.springframework.transaction.annotation.ProxyTransactionManagementConfiguration' of type [org.springframework.transaction.annotation.ProxyTransactionManagementConfiguration$$EnhancerBySpringCGLIB$$eca9cbe] is not eligible for getting processed by all BeanPostProcessors (for example: not eligible for auto-proxying)
2019-02-04 09:05:09.446  INFO 103588 --- [           main] com.zaxxer.hikari.HikariDataSource       : HikariPool-1 - Starting...
2019-02-04 09:05:10.311  INFO 103588 --- [           main] com.zaxxer.hikari.HikariDataSource       : HikariPool-1 - Start completed.
2019-02-04 09:05:10.468  INFO 103588 --- [           main] o.hibernate.jpa.internal.util.LogHelper  : HHH000204: Processing PersistenceUnitInfo [
	name: default
	...]
2019-02-04 09:05:10.618  INFO 103588 --- [           main] org.hibernate.Version                    : HHH000412: Hibernate Core {5.3.7.Final}
2019-02-04 09:05:10.633  INFO 103588 --- [           main] org.hibernate.cfg.Environment            : HHH000206: hibernate.properties not found
2019-02-04 09:05:11.227  INFO 103588 --- [           main] o.hibernate.annotations.common.Version   : HCANN000001: Hibernate Commons Annotations {5.0.4.Final}
2019-02-04 09:05:11.916  INFO 103588 --- [           main] org.hibernate.dialect.Dialect            : HHH000400: Using dialect: org.hibernate.dialect.MySQL5Dialect
2019-02-04 09:05:14.404 DEBUG 103588 --- [           main] org.hibernate.SQL                        : alter table pmapp.project add column user_id integer
Hibernate: alter table pmapp.project add column user_id integer
2019-02-04 09:05:14.704 DEBUG 103588 --- [           main] org.hibernate.SQL                        : alter table project add constraint FKnwfgj6u5sb5b0voc25qycicb9 foreign key (user_id) references project_user (user_id)
Hibernate: alter table project add constraint FKnwfgj6u5sb5b0voc25qycicb9 foreign key (user_id) references project_user (user_id)
2019-02-04 09:05:15.016 DEBUG 103588 --- [           main] org.hibernate.SQL                        : alter table user_project_task add constraint FK4fsl0k3xap2ytm2170e1curm5 foreign key (project_id) references project (project_id)
Hibernate: alter table user_project_task add constraint FK4fsl0k3xap2ytm2170e1curm5 foreign key (project_id) references project (project_id)
2019-02-04 09:05:15.063 DEBUG 103588 --- [           main] org.hibernate.SQL                        : alter table user_project_task add constraint FKbdfgrd5fd349hrcojclqbtbg7 foreign key (user_id) references project_user (user_id)
Hibernate: alter table user_project_task add constraint FKbdfgrd5fd349hrcojclqbtbg7 foreign key (user_id) references project_user (user_id)
2019-02-04 09:05:15.094 DEBUG 103588 --- [           main] org.hibernate.SQL                        : alter table user_project_task add constraint FKi84vbu6ytr5loon6i568lioxd foreign key (task_id) references tasks (task_id)
Hibernate: alter table user_project_task add constraint FKi84vbu6ytr5loon6i568lioxd foreign key (task_id) references tasks (task_id)
2019-02-04 09:05:15.125  INFO 103588 --- [           main] o.h.h.i.QueryTranslatorFactoryInitiator  : HHH000397: Using ASTQueryTranslatorFactory
2019-02-04 09:05:15.392  INFO 103588 --- [           main] j.LocalContainerEntityManagerFactoryBean : Initialized JPA EntityManagerFactory for persistence unit 'default'
2019-02-04 09:05:22.681  INFO 103588 --- [           main] o.s.s.concurrent.ThreadPoolTaskExecutor  : Initializing ExecutorService 'applicationTaskExecutor'
2019-02-04 09:05:22.884  WARN 103588 --- [           main] aWebConfiguration$JpaWebMvcConfiguration : spring.jpa.open-in-view is enabled by default. Therefore, database queries may be performed during view rendering. Explicitly configure spring.jpa.open-in-view to disable this warning
2019-02-04 09:05:42.381  INFO 103588 --- [           main] o.s.b.a.e.web.EndpointLinksResolver      : Exposing 2 endpoint(s) beneath base path '/actuator'
2019-02-04 09:05:43.178  INFO 103588 --- [           main] c.l.p.c.ParentTaskControllerAllTests     : Started ParentTaskControllerAllTests in 45.049 seconds (JVM running for 47.625)
2019-02-04 09:05:43.364  INFO 103588 --- [           main] o.s.b.t.m.w.SpringBootMockServletContext : Initializing Spring TestDispatcherServlet ''
2019-02-04 09:05:43.364  INFO 103588 --- [           main] o.s.t.web.servlet.TestDispatcherServlet  : Initializing Servlet ''
2019-02-04 09:05:43.379  INFO 103588 --- [           main] o.s.t.web.servlet.TestDispatcherServlet  : Completed initialization in 15 ms
2019-02-04 09:05:43.739 DEBUG 103588 --- [           main] org.hibernate.SQL                        : select parenttask0_.parent_id as parent_i1_0_, parenttask0_.parent_desc as parent_d2_0_ from parent_task parenttask0_
Hibernate: select parenttask0_.parent_id as parent_i1_0_, parenttask0_.parent_desc as parent_d2_0_ from parent_task parenttask0_
]]></system-out>
  </testcase>
  <testcase name="getAllProjectsTest" classname="com.learn.pmapp.controller.ParentTaskControllerAllTests" time="0.047">
    <failure type="java.lang.AssertionError">java.lang.AssertionError
</failure>
    <system-out><![CDATA[2019-02-04 09:05:44.317  INFO 103588 --- [           main] o.s.b.t.m.w.SpringBootMockServletContext : Initializing Spring TestDispatcherServlet ''
2019-02-04 09:05:44.317  INFO 103588 --- [           main] o.s.t.web.servlet.TestDispatcherServlet  : Initializing Servlet ''
2019-02-04 09:05:44.317  INFO 103588 --- [           main] o.s.t.web.servlet.TestDispatcherServlet  : Completed initialization in 0 ms
2019-02-04 09:05:44.317 DEBUG 103588 --- [           main] org.hibernate.SQL                        : select project0_.project_id as project_1_1_, project0_.end_date as end_date2_1_, project0_.priority_id as priority3_1_, project0_.project_desc as project_4_1_, project0_.user_id as user_id6_1_, project0_.start_date as start_da5_1_ from project project0_
Hibernate: select project0_.project_id as project_1_1_, project0_.end_date as end_date2_1_, project0_.priority_id as priority3_1_, project0_.project_desc as project_4_1_, project0_.user_id as user_id6_1_, project0_.start_date as start_da5_1_ from project project0_
]]></system-out>
  </testcase>
</testsuite>